<?xml version="1.0" encoding="UTF-8"?>
<!-- Generated by org.testng.reporters.JUnitReportReporter -->
<testsuite skipped="1" hostname="LAPTOP-DSHRJTV1" name="com.testng.Ignore_Annotations" tests="2" failures="0" timestamp="2021-12-30T09:09:39 IST" time="0.007" errors="0">
  <testcase name="women" time="0.007" classname="com.testng.Ignore_Annotations"/>
  <system-out/>
  <testcase name="men" classname="com.testng.Ignore_Annotations">
    <skipped/>
  </testcase> <!-- men -->
  <system-out/>
</testsuite> <!-- com.testng.Ignore_Annotations -->
