<?xml version="1.0" encoding="UTF-8"?>
<!-- Generated by org.testng.reporters.JUnitReportReporter -->
<testsuite name="com.testng.Test_NG" tests="3" time="0.004" ignored="0" failures="0" timestamp="28 Dec 2021 17:46:17 GMT" skipped="0" hostname="LAPTOP-DSHRJTV1" errors="0">
  <testcase name="women" time="0.001" classname="com.testng.Test_NG"/>
  <testcase name="tshirt" time="0.001" classname="com.testng.Test_NG"/>
  <testcase name="dress" time="0.002" classname="com.testng.Test_NG"/>
</testsuite> <!-- com.testng.Test_NG -->
